#************#Сервер#55.994814#93.029621#175
#****************#26.625#2017-06-16T16:05:01+0700#Температура на улице
##
OK

#************#Сервер#55.994814#93.029621#175
#****************#26.75#2017-06-16T16:10:01+0700#Температура на улице
##

#************#Сервер#55.994814#93.029621#175
#****************#26.75#2017-06-16T16:10:01+0700#Температура на улице
#****************#26.6875#2017-06-16T16:15:01+0700#Температура на улице
##

#************#Сервер#55.994814#93.029621#175
#****************#26.75#2017-06-16T16:10:01+0700#Температура на улице
#****************#26.6875#2017-06-16T16:15:01+0700#Температура на улице
#****************#26.6875#2017-06-16T16:20:01+0700#Температура на улице
##

#************#Сервер#55.994814#93.029621#175
#****************#26.75#2017-06-16T16:10:01+0700#Температура на улице
#****************#26.6875#2017-06-16T16:15:01+0700#Температура на улице
#****************#26.6875#2017-06-16T16:20:01+0700#Температура на улице
#****************#26.75#2017-06-16T16:25:01+0700#Температура на улице
##

#************#Сервер#55.994814#93.029621#175
#****************#26.75#2017-06-16T16:10:01+0700#Температура на улице
#****************#26.6875#2017-06-16T16:15:01+0700#Температура на улице
#****************#26.6875#2017-06-16T16:20:01+0700#Температура на улице
#****************#26.75#2017-06-16T16:25:01+0700#Температура на улице
#****************#26.8125#2017-06-16T16:30:01+0700#Температура на улице
##

#************#Сервер#55.994814#93.029621#175
#****************#26.75#2017-06-16T16:10:01+0700#Температура на улице
#****************#26.6875#2017-06-16T16:15:01+0700#Температура на улице
#****************#26.6875#2017-06-16T16:20:01+0700#Температура на улице
#****************#26.75#2017-06-16T16:25:01+0700#Температура на улице
#****************#26.8125#2017-06-16T16:30:01+0700#Температура на улице
#****************#26.9375#2017-06-16T16:35:01+0700#Температура на улице
##

#************#Сервер#55.994814#93.029621#175
#****************#26.75#2017-06-16T16:10:01+0700#Температура на улице
#****************#26.6875#2017-06-16T16:15:01+0700#Температура на улице
#****************#26.6875#2017-06-16T16:20:01+0700#Температура на улице
#****************#26.75#2017-06-16T16:25:01+0700#Температура на улице
#****************#26.8125#2017-06-16T16:30:01+0700#Температура на улице
#****************#26.9375#2017-06-16T16:35:01+0700#Температура на улице
#****************#27.0625#2017-06-16T16:40:01+0700#Температура на улице
##
OK

#************#Сервер#55.994814#93.029621#175
#****************#27#2017-06-16T16:45:01+0700#Температура на улице
##
OK

#************#Сервер#55.994814#93.029621#175
#****************#26.8125#2017-06-16T16:50:01+0700#Температура на улице
##

#************#Сервер#55.994814#93.029621#175
#****************#26.8125#2017-06-16T16:50:01+0700#Температура на улице
#****************#26.625#2017-06-16T16:55:01+0700#Температура на улице
##

#************#Сервер#55.994814#93.029621#175
#****************#26.8125#2017-06-16T16:50:01+0700#Температура на улице
#****************#26.625#2017-06-16T16:55:01+0700#Температура на улице
#****************#26.5#2017-06-16T17:00:02+0700#Температура на улице
##
OK

#************#Сервер#55.994814#93.029621#175
#****************#26.5625#2017-06-16T17:05:01+0700#Температура на улице
##
OK
